[2014-08-21 02:56:08] rocketeer.INFO: array (
  0 => 'git --version',
) [] []
[2014-08-21 02:56:08] rocketeer.INFO: git version 1.7.10.4 [] []
[2014-08-21 02:56:25] rocketeer.INFO: array (
  0 => 'which php',
) [] []
[2014-08-21 02:56:25] rocketeer.INFO: /usr/bin/php [] []
[2014-08-21 02:56:33] rocketeer.INFO: array (
  0 => '/usr/bin/php -m',
) [] []
[2014-08-21 02:56:33] rocketeer.INFO: array (
  0 => '[PHP Modules]',
  1 => 'bcmath',
  2 => 'bz2',
  3 => 'calendar',
  4 => 'Core',
  5 => 'ctype',
  6 => 'curl',
  7 => 'date',
  8 => 'dba',
  9 => 'dom',
  10 => 'ereg',
  11 => 'exif',
  12 => 'fileinfo',
  13 => 'filter',
  14 => 'ftp',
  15 => 'gd',
  16 => 'geoip',
  17 => 'gettext',
  18 => 'hash',
  19 => 'iconv',
  20 => 'json',
  21 => 'libxml',
  22 => 'mbstring',
  23 => 'mcrypt',
  24 => 'mhash',
  25 => 'mysql',
  26 => 'mysqli',
  27 => 'openssl',
  28 => 'pcntl',
  29 => 'pcre',
  30 => 'PDO',
  31 => 'pdo_mysql',
  32 => 'Phar',
  33 => 'posix',
  34 => 'readline',
  35 => 'Reflection',
  36 => 'session',
  37 => 'shmop',
  38 => 'SimpleXML',
  39 => 'soap',
  40 => 'sockets',
  41 => 'SPL',
  42 => 'standard',
  43 => 'sysvmsg',
  44 => 'sysvsem',
  45 => 'sysvshm',
  46 => 'tokenizer',
  47 => 'wddx',
  48 => 'xml',
  49 => 'xmlreader',
  50 => 'xmlwriter',
  51 => 'Zend OPcache',
  52 => 'zip',
  53 => 'zlib',
  55 => '[Zend Modules]',
  56 => 'Zend OPcache',
) [] []
[2014-08-21 02:56:59] rocketeer.INFO: array (
  0 => 'git --version',
) [] []
[2014-08-21 02:56:59] rocketeer.INFO: git version 1.7.10.4 [] []
[2014-08-21 02:57:11] rocketeer.INFO: array (
  0 => '/usr/bin/php -m',
) [] []
[2014-08-21 02:57:11] rocketeer.INFO: array (
  0 => '[PHP Modules]',
  1 => 'bcmath',
  2 => 'bz2',
  3 => 'calendar',
  4 => 'Core',
  5 => 'ctype',
  6 => 'curl',
  7 => 'date',
  8 => 'dba',
  9 => 'dom',
  10 => 'ereg',
  11 => 'exif',
  12 => 'fileinfo',
  13 => 'filter',
  14 => 'ftp',
  15 => 'gd',
  16 => 'geoip',
  17 => 'gettext',
  18 => 'hash',
  19 => 'iconv',
  20 => 'json',
  21 => 'libxml',
  22 => 'mbstring',
  23 => 'mcrypt',
  24 => 'mhash',
  25 => 'mysql',
  26 => 'mysqli',
  27 => 'openssl',
  28 => 'pcntl',
  29 => 'pcre',
  30 => 'PDO',
  31 => 'pdo_mysql',
  32 => 'Phar',
  33 => 'posix',
  34 => 'readline',
  35 => 'Reflection',
  36 => 'session',
  37 => 'shmop',
  38 => 'SimpleXML',
  39 => 'soap',
  40 => 'sockets',
  41 => 'SPL',
  42 => 'standard',
  43 => 'sysvmsg',
  44 => 'sysvsem',
  45 => 'sysvshm',
  46 => 'tokenizer',
  47 => 'wddx',
  48 => 'xml',
  49 => 'xmlreader',
  50 => 'xmlwriter',
  51 => 'Zend OPcache',
  52 => 'zip',
  53 => 'zlib',
  55 => '[Zend Modules]',
  56 => 'Zend OPcache',
) [] []
[2014-08-21 02:57:21] rocketeer.INFO: array (
  0 => 'mkdir /home/www/TakeoffSim/',
) [] []
[2014-08-21 02:57:21] rocketeer.INFO: mkdir: cannot create directory `/home/www/TakeoffSim/': No such file or directory [] []
[2014-08-21 02:57:32] rocketeer.INFO: array (
  0 => 'mkdir -p /home/www/TakeoffSim/releases',
) [] []
[2014-08-21 02:57:32] rocketeer.INFO: mkdir: cannot create directory `/home/www': Permission denied [] []
[2014-08-21 02:57:40] rocketeer.INFO: array (
  0 => 'mkdir -p /home/www/TakeoffSim/current',
) [] []
[2014-08-21 02:57:40] rocketeer.INFO: mkdir: cannot create directory `/home/www': Permission denied [] []
[2014-08-21 02:57:51] rocketeer.INFO: array (
  0 => 'mkdir -p /home/www/TakeoffSim/shared',
) [] []
[2014-08-21 02:57:51] rocketeer.INFO: mkdir: cannot create directory `/home/www': Permission denied [] []
